This file contains any messages produced by compilers while
running configure, to aid debugging if configure makes a mistake.

It was created by gameoflife configure 2.0, which was
generated by GNU Autoconf 2.71.  Invocation command line was

  $ ./configure

## --------- ##
## Platform. ##
## --------- ##

hostname = USF-Gold-Wifi-226-20-213.laptops.usf.edu
uname -m = x86_64
uname -r = 21.1.0
uname -s = Darwin
uname -v = Darwin Kernel Version 21.1.0: Wed Oct 13 17:33:23 PDT 2021; root:xnu-8019.41.5~1/RELEASE_X86_64

/usr/bin/uname -p = i386
/bin/uname -X     = unknown

/bin/arch              = unknown
/usr/bin/arch -k       = unknown
/usr/convex/getsysinfo = unknown
/usr/bin/hostinfo      = Mach kernel version:
	 Darwin Kernel Version 21.1.0: Wed Oct 13 17:33:23 PDT 2021; root:xnu-8019.41.5~1/RELEASE_X86_64
Kernel configured for up to 8 processors.
4 processors are physically available.
8 processors are logically available.
Processor type: x86_64h (Intel x86-64h Haswell)
Processors active: 0 1 2 3 4 5 6 7
Primary memory available: 8.00 gigabytes
Default processor set: 522 tasks, 2460 threads, 8 processors
Load average: 3.25, Mach factor: 4.73
/bin/machine           = unknown
/usr/bin/oslevel       = unknown
/bin/universe          = unknown

PATH: /usr/local/opt/avr-gcc@8/bin/
PATH: /Users/msaunders/.nvm/versions/node/v14.18.1/bin/
PATH: /Applications/Blender.app/Contents/MacOS/
PATH: /Applications/meshlab.app/Contents/MacOS/
PATH: /Users/msaunders/Library/Python/3.7/bin/
PATH: /usr/local/opt/gnu-sed/libexec/gnubin/
PATH: /usr/local/opt/gnu-tar/bin/
PATH: /usr/local/opt/bison/bin/
PATH: /usr/local/opt/e2fsprogs/sbin/
PATH: /usr/local/opt/e2fsprogs/bin/
PATH: /usr/local/opt/tcl-tk/bin/
PATH: /usr/local/opt/tcl-tk/bin/
PATH: /usr/local/opt/findutils/libexec/gnubin/
PATH: /usr/local/opt/util-linux/sbin/
PATH: /usr/local/opt/util-linux/bin/
PATH: /usr/local/opt/gnuplot@4/bin/
PATH: /usr/local/opt/coreutils/libexec/gnubin/
PATH: /usr/local/opt/make/libexec/gnubin/
PATH: /usr/local/opt/gnu-tar/libexec/gnubin/
PATH: /usr/local/sbin/
PATH: /usr/local/opt/coreutils/libexec/gnubin/
PATH: /usr/local/bin/
PATH: /usr/local/Cellar/gnuplot/5.2.0/bin/
PATH: /opt/
PATH: /usr/local/gromacs/bin/
PATH: /Users/msaunders/Applications/VMD_1.9.4.app/Contents/vmd/
PATH: /Applications/Firefox.app/Contents/MacOS/
PATH: /usr/local/Homebrew/bin/
PATH: /Users/msaunders/repos/g09/
PATH: /Applications/Chimera.app/Contents/MacOS/
PATH: /usr/local/bin/
PATH: /usr/local/sbin/
PATH: /usr/bin/
PATH: /bin/
PATH: /usr/sbin/
PATH: /sbin/
PATH: /Library/TeX/texbin/
PATH: /opt/X11/bin/
PATH: /Users/msaunders/repos/Amby/
PATH: /Users/msaunders/Library/Python/3.8/bin/


## ----------- ##
## Core tests. ##
## ----------- ##

configure:2159: checking for gcc
configure:2180: found /usr/bin/gcc
configure:2191: result: gcc
configure:2544: checking for C compiler version
configure:2553: gcc --version >&5
Apple clang version 13.0.0 (clang-1300.0.29.3)
Target: x86_64-apple-darwin21.1.0
Thread model: posix
InstalledDir: /Library/Developer/CommandLineTools/usr/bin
Configured with: --prefix=/Library/Developer/CommandLineTools/usr --with-gxx-include-dir=/Library/Developer/CommandLineTools/SDKs/MacOSX.sdk/usr/include/c++/4.2.1
configure:2564: $? = 0
configure:2553: gcc -v >&5
Configured with: --prefix=/Library/Developer/CommandLineTools/usr --with-gxx-include-dir=/Library/Developer/CommandLineTools/SDKs/MacOSX.sdk/usr/include/c++/4.2.1
Apple clang version 13.0.0 (clang-1300.0.29.3)
Target: x86_64-apple-darwin21.1.0
Thread model: posix
InstalledDir: /Library/Developer/CommandLineTools/usr/bin
configure:2564: $? = 0
configure:2553: gcc -V >&5
clang: error: argument to '-V' is missing (expected 1 value)
clang: error: no input files
configure:2564: $? = 1
configure:2553: gcc -qversion >&5
clang: error: unknown argument '-qversion'; did you mean '--version'?
clang: error: no input files
configure:2564: $? = 1
configure:2553: gcc -version >&5
clang: error: unknown argument '-version'; did you mean '--version'?
clang: error: no input files
configure:2564: $? = 1
configure:2584: checking whether the C compiler works
configure:2606: gcc    conftest.c  >&5
configure:2610: $? = 0
configure:2660: result: yes
configure:2663: checking for C compiler default output file name
configure:2665: result: a.out
configure:2671: checking for suffix of executables
configure:2678: gcc -o conftest    conftest.c  >&5
configure:2682: $? = 0
configure:2705: result: 
configure:2727: checking whether we are cross compiling
configure:2735: gcc -o conftest    conftest.c  >&5
configure:2739: $? = 0
configure:2746: ./conftest
configure:2750: $? = 0
configure:2765: result: no
configure:2770: checking for suffix of object files
configure:2793: gcc -c   conftest.c >&5
configure:2797: $? = 0
configure:2819: result: o
configure:2823: checking whether the compiler supports GNU C
configure:2843: gcc -c   conftest.c >&5
configure:2843: $? = 0
configure:2853: result: yes
configure:2864: checking whether gcc accepts -g
configure:2885: gcc -c -g  conftest.c >&5
configure:2885: $? = 0
configure:2929: result: yes
configure:2949: checking for gcc option to enable C11 features
configure:2964: gcc  -c -g -O2  conftest.c >&5
configure:2964: $? = 0
configure:2982: result: none needed
configure:3244: creating ./config.status

## ---------------------- ##
## Running config.status. ##
## ---------------------- ##

This file was extended by gameoflife config.status 2.0, which was
generated by GNU Autoconf 2.71.  Invocation command line was

  CONFIG_FILES    = 
  CONFIG_HEADERS  = 
  CONFIG_LINKS    = 
  CONFIG_COMMANDS = 
  $ ./config.status 

on USF-Gold-Wifi-226-20-213.laptops.usf.edu

config.status:713: creating Makefile

## ---------------- ##
## Cache variables. ##
## ---------------- ##

ac_cv_c_compiler_gnu=yes
ac_cv_env_CC_set=
ac_cv_env_CC_value=
ac_cv_env_CFLAGS_set=
ac_cv_env_CFLAGS_value=
ac_cv_env_CPPFLAGS_set=
ac_cv_env_CPPFLAGS_value=
ac_cv_env_LDFLAGS_set=
ac_cv_env_LDFLAGS_value=
ac_cv_env_LIBS_set=
ac_cv_env_LIBS_value=
ac_cv_env_build_alias_set=
ac_cv_env_build_alias_value=
ac_cv_env_host_alias_set=
ac_cv_env_host_alias_value=
ac_cv_env_target_alias_set=
ac_cv_env_target_alias_value=
ac_cv_objext=o
ac_cv_prog_ac_ct_CC=gcc
ac_cv_prog_cc_c11=
ac_cv_prog_cc_g=yes
ac_cv_prog_cc_stdc=

## ----------------- ##
## Output variables. ##
## ----------------- ##

CC='gcc'
CFLAGS='-g -O2'
CPPFLAGS=''
DEFS='-DPACKAGE_NAME=\"gameoflife\" -DPACKAGE_TARNAME=\"gameoflife\" -DPACKAGE_VERSION=\"2.0\" -DPACKAGE_STRING=\"gameoflife\ 2.0\" -DPACKAGE_BUGREPORT=\"\" -DPACKAGE_URL=\"\"'
ECHO_C='\c'
ECHO_N=''
ECHO_T=''
EXEEXT=''
LDFLAGS=''
LIBOBJS=''
LIBS=''
LTLIBOBJS=''
OBJEXT='o'
PACKAGE_BUGREPORT=''
PACKAGE_NAME='gameoflife'
PACKAGE_STRING='gameoflife 2.0'
PACKAGE_TARNAME='gameoflife'
PACKAGE_URL=''
PACKAGE_VERSION='2.0'
PATH_SEPARATOR=':'
SHELL='/bin/sh'
ac_ct_CC='gcc'
bindir='${exec_prefix}/bin'
build_alias=''
datadir='${datarootdir}'
datarootdir='${prefix}/share'
docdir='${datarootdir}/doc/${PACKAGE_TARNAME}'
dvidir='${docdir}'
exec_prefix='${prefix}'
host_alias=''
htmldir='${docdir}'
includedir='${prefix}/include'
infodir='${datarootdir}/info'
libdir='${exec_prefix}/lib'
libexecdir='${exec_prefix}/libexec'
localedir='${datarootdir}/locale'
localstatedir='${prefix}/var'
mandir='${datarootdir}/man'
oldincludedir='/usr/include'
pdfdir='${docdir}'
prefix='/usr/local'
program_transform_name='s,x,x,'
psdir='${docdir}'
runstatedir='${localstatedir}/run'
sbindir='${exec_prefix}/sbin'
sharedstatedir='${prefix}/com'
sysconfdir='${prefix}/etc'
target_alias=''

## ----------- ##
## confdefs.h. ##
## ----------- ##

/* confdefs.h */
#define PACKAGE_NAME "gameoflife"
#define PACKAGE_TARNAME "gameoflife"
#define PACKAGE_VERSION "2.0"
#define PACKAGE_STRING "gameoflife 2.0"
#define PACKAGE_BUGREPORT ""
#define PACKAGE_URL ""

configure: exit 0
